Release 14.7 - xst P.20131013 (lin64)
Copyright (c) 1995-2013 Xilinx, Inc.  All rights reserved.
--> 
Parameter TMPDIR set to xst/projnav.tmp


Total REAL time to Xst completion: 0.00 secs
Total CPU time to Xst completion: 0.04 secs
 
--> 
Parameter xsthdpdir set to xst


Total REAL time to Xst completion: 0.00 secs
Total CPU time to Xst completion: 0.04 secs
 
--> 
Reading design: rs232.prj

TABLE OF CONTENTS
  1) Synthesis Options Summary
  2) HDL Compilation
  3) Design Hierarchy Analysis
  4) HDL Analysis
  5) HDL Synthesis
     5.1) HDL Synthesis Report
  6) Advanced HDL Synthesis
     6.1) Advanced HDL Synthesis Report
  7) Low Level Synthesis
  8) Partition Report
  9) Final Report
	9.1) Device utilization summary
	9.2) Partition Resource Summary
	9.3) TIMING REPORT


=========================================================================
*                      Synthesis Options Summary                        *
=========================================================================
---- Source Parameters
Input File Name                    : "rs232.prj"
Input Format                       : mixed
Ignore Synthesis Constraint File   : NO

---- Target Parameters
Output File Name                   : "rs232"
Output Format                      : NGC
Target Device                      : xc3s500e-5-fg320

---- Source Options
Top Module Name                    : rs232
Automatic FSM Extraction           : YES
FSM Encoding Algorithm             : Auto
Safe Implementation                : No
FSM Style                          : LUT
RAM Extraction                     : Yes
RAM Style                          : Auto
ROM Extraction                     : Yes
Mux Style                          : Auto
Decoder Extraction                 : YES
Priority Encoder Extraction        : Yes
Shift Register Extraction          : YES
Logical Shifter Extraction         : YES
XOR Collapsing                     : YES
ROM Style                          : Auto
Mux Extraction                     : Yes
Resource Sharing                   : YES
Asynchronous To Synchronous        : NO
Multiplier Style                   : Auto
Automatic Register Balancing       : No

---- Target Options
Add IO Buffers                     : YES
Global Maximum Fanout              : 100000
Add Generic Clock Buffer(BUFG)     : 24
Register Duplication               : YES
Slice Packing                      : YES
Optimize Instantiated Primitives   : NO
Use Clock Enable                   : Yes
Use Synchronous Set                : Yes
Use Synchronous Reset              : Yes
Pack IO Registers into IOBs        : Auto
Equivalent register Removal        : YES

---- General Options
Optimization Goal                  : Speed
Optimization Effort                : 1
Keep Hierarchy                     : No
Netlist Hierarchy                  : As_Optimized
RTL Output                         : Yes
Global Optimization                : AllClockNets
Read Cores                         : YES
Write Timing Constraints           : NO
Cross Clock Analysis               : NO
Hierarchy Separator                : /
Bus Delimiter                      : <>
Case Specifier                     : Maintain
Slice Utilization Ratio            : 100
BRAM Utilization Ratio             : 100
Verilog 2001                       : YES
Auto BRAM Packing                  : NO
Slice Utilization Ratio Delta      : 5

=========================================================================


=========================================================================
*                          HDL Compilation                              *
=========================================================================
Compiling vhdl file "/home/user/Documents/studies-SRT/SRT5/SY23/Projet/TX_RS232/TX_rs232.vhd" in Library work.
Entity <rs232> compiled.
Entity <rs232> (Architecture <behavioral>) compiled.

=========================================================================
*                     Design Hierarchy Analysis                         *
=========================================================================
Analyzing hierarchy for entity <rs232> in library <work> (architecture <behavioral>).


=========================================================================
*                            HDL Analysis                               *
=========================================================================
Analyzing Entity <rs232> in library <work> (Architecture <behavioral>).
Entity <rs232> analyzed. Unit <rs232> generated.


=========================================================================
*                           HDL Synthesis                               *
=========================================================================

Performing bidirectional port resolution...

Synthesizing Unit <rs232>.
    Related source file is "/home/user/Documents/studies-SRT/SRT5/SY23/Projet/TX_RS232/TX_rs232.vhd".
    Found finite state machine <FSM_0> for signal <reg_etat>.
    -----------------------------------------------------------------------
    | States             | 4                                              |
    | Transitions        | 12                                             |
    | Inputs             | 4                                              |
    | Outputs            | 4                                              |
    | Clock              | clk                       (rising_edge)        |
    | Reset              | rst                       (positive)           |
    | Reset type         | synchronous                                    |
    | Reset State        | idle                                           |
    | Power Up State     | idle                                           |
    | Encoding           | automatic                                      |
    | Implementation     | LUT                                            |
    -----------------------------------------------------------------------
    Found 4-bit adder for signal <next_baudCounter$add0000> created at line 70.
    Found 4-bit register for signal <reg_baudCounter>.
    Found 3-bit register for signal <reg_bitcpt>.
    Found 3-bit adder for signal <reg_bitcpt$addsub0000> created at line 67.
    Found 8-bit register for signal <txdatas_reg>.
    Summary:
	inferred   1 Finite State Machine(s).
	inferred  15 D-type flip-flop(s).
	inferred   2 Adder/Subtractor(s).
Unit <rs232> synthesized.


=========================================================================
HDL Synthesis Report

Macro Statistics
# Adders/Subtractors                                   : 2
 3-bit adder                                           : 1
 4-bit adder                                           : 1
# Registers                                            : 3
 3-bit register                                        : 1
 4-bit register                                        : 1
 8-bit register                                        : 1

=========================================================================

=========================================================================
*                       Advanced HDL Synthesis                          *
=========================================================================

Analyzing FSM <FSM_0> for best encoding.
Optimizing FSM <reg_etat/FSM> on signal <reg_etat[1:2]> with gray encoding.
----------------------
 State    | Encoding
----------------------
 idle     | 00
 bitstart | 01
 bitsdata | 11
 bitstop  | 10
----------------------

=========================================================================
Advanced HDL Synthesis Report

Macro Statistics
# FSMs                                                 : 1
# Adders/Subtractors                                   : 2
 3-bit adder                                           : 1
 4-bit adder                                           : 1
# Registers                                            : 15
 Flip-Flops                                            : 15

=========================================================================

=========================================================================
*                         Low Level Synthesis                           *
=========================================================================

Optimizing unit <rs232> ...

Mapping all equations...
Building and optimizing final netlist ...
Found area constraint ratio of 100 (+ 5) on block rs232, actual ratio is 0.

Final Macro Processing ...

=========================================================================
Final Register Report

Macro Statistics
# Registers                                            : 17
 Flip-Flops                                            : 17

=========================================================================

=========================================================================
*                           Partition Report                            *
=========================================================================

Partition Implementation Status
-------------------------------

  No Partitions were found in this design.

-------------------------------

=========================================================================
*                            Final Report                               *
=========================================================================
Final Results
RTL Top Level Output File Name     : rs232.ngr
Top Level Output File Name         : rs232
Output Format                      : NGC
Optimization Goal                  : Speed
Keep Hierarchy                     : No

Design Statistics
# IOs                              : 14

Cell Usage :
# BELS                             : 55
#      LUT2                        : 4
#      LUT2_L                      : 1
#      LUT3                        : 7
#      LUT3_D                      : 1
#      LUT3_L                      : 6
#      LUT4                        : 26
#      LUT4_L                      : 9
#      MUXF5                       : 1
# FlipFlops/Latches                : 17
#      FDR                         : 6
#      FDRS                        : 11
# Clock Buffers                    : 1
#      BUFGP                       : 1
# IO Buffers                       : 13
#      IBUF                        : 11
#      OBUF                        : 2
=========================================================================

Device utilization summary:
---------------------------

Selected Device : 3s500efg320-5 

 Number of Slices:                       28  out of   4656     0%  
 Number of Slice Flip Flops:             17  out of   9312     0%  
 Number of 4 input LUTs:                 54  out of   9312     0%  
 Number of IOs:                          14
 Number of bonded IOBs:                  14  out of    232     6%  
 Number of GCLKs:                         1  out of     24     4%  

---------------------------
Partition Resource Summary:
---------------------------

  No Partitions were found in this design.

---------------------------


=========================================================================
TIMING REPORT

NOTE: THESE TIMING NUMBERS ARE ONLY A SYNTHESIS ESTIMATE.
      FOR ACCURATE TIMING INFORMATION PLEASE REFER TO THE TRACE REPORT
      GENERATED AFTER PLACE-and-ROUTE.

Clock Information:
------------------
-----------------------------------+------------------------+-------+
Clock Signal                       | Clock buffer(FF name)  | Load  |
-----------------------------------+------------------------+-------+
clk                                | BUFGP                  | 17    |
-----------------------------------+------------------------+-------+

Asynchronous Control Signals Information:
----------------------------------------
No asynchronous control signals found in this design

Timing Summary:
---------------
Speed Grade: -5

   Minimum period: 4.775ns (Maximum Frequency: 209.404MHz)
   Minimum input arrival time before clock: 4.787ns
   Maximum output required time after clock: 5.876ns
   Maximum combinational path delay: No path found

Timing Detail:
--------------
All values displayed in nanoseconds (ns)

=========================================================================
Timing constraint: Default period analysis for Clock 'clk'
  Clock period: 4.775ns (frequency: 209.404MHz)
  Total number of paths / destination ports: 240 / 28
-------------------------------------------------------------------------
Delay:               4.775ns (Levels of Logic = 3)
  Source:            reg_baudCounter_0 (FF)
  Destination:       txdatas_reg_7 (FF)
  Source Clock:      clk rising
  Destination Clock: clk rising

  Data Path: reg_baudCounter_0 to txdatas_reg_7
                                Gate     Net
    Cell:in->out      fanout   Delay   Delay  Logical Name (Net Name)
    ----------------------------------------  ------------
     FDRS:C->Q             8   0.514   0.646  reg_baudCounter_0 (reg_baudCounter_0)
     LUT4:I3->O           13   0.612   0.836  reg_etat_cmp_eq00001 (reg_etat_cmp_eq0000)
     MUXF5:S->O            8   0.641   0.646  txdatas_reg_mux0001<0>11 (N01)
     LUT4:I3->O            1   0.612   0.000  txdatas_reg_mux0001<7>1 (txdatas_reg_mux0001<7>)
     FDR:D                     0.268          txdatas_reg_7
    ----------------------------------------
    Total                      4.775ns (2.647ns logic, 2.128ns route)
                                       (55.4% logic, 44.6% route)

=========================================================================
Timing constraint: Default OFFSET IN BEFORE for Clock 'clk'
  Total number of paths / destination ports: 81 / 45
-------------------------------------------------------------------------
Offset:              4.787ns (Levels of Logic = 4)
  Source:            clk_div (PAD)
  Destination:       reg_baudCounter_2 (FF)
  Destination Clock: clk rising

  Data Path: clk_div to reg_baudCounter_2
                                Gate     Net
    Cell:in->out      fanout   Delay   Delay  Logical Name (Net Name)
    ----------------------------------------  ------------
     IBUF:I->O            18   1.106   1.060  clk_div_IBUF (clk_div_IBUF)
     LUT3:I0->O            1   0.612   0.387  reg_baudCounter_mux0001<2>1_SW0_SW0 (N56)
     LUT3_L:I2->LO         1   0.612   0.130  reg_baudCounter_mux0001<2>1_SW0 (N12)
     LUT4:I2->O            1   0.612   0.000  reg_baudCounter_mux0001<2>1 (reg_baudCounter_mux0001<2>1)
     FDRS:D                    0.268          reg_baudCounter_2
    ----------------------------------------
    Total                      4.787ns (3.210ns logic, 1.577ns route)
                                       (67.1% logic, 32.9% route)

=========================================================================
Timing constraint: Default OFFSET OUT AFTER for Clock 'clk'
  Total number of paths / destination ports: 5 / 2
-------------------------------------------------------------------------
Offset:              5.876ns (Levels of Logic = 2)
  Source:            reg_etat_FSM_FFd2 (FF)
  Destination:       empty (PAD)
  Source Clock:      clk rising

  Data Path: reg_etat_FSM_FFd2 to empty
                                Gate     Net
    Cell:in->out      fanout   Delay   Delay  Logical Name (Net Name)
    ----------------------------------------  ------------
     FDRS:C->Q            28   0.514   1.224  reg_etat_FSM_FFd2 (reg_etat_FSM_FFd2)
     LUT3:I0->O            1   0.612   0.357  TX1 (TX_OBUF)
     OBUF:I->O                 3.169          TX_OBUF (TX)
    ----------------------------------------
    Total                      5.876ns (4.295ns logic, 1.581ns route)
                                       (73.1% logic, 26.9% route)

=========================================================================


Total REAL time to Xst completion: 4.00 secs
Total CPU time to Xst completion: 3.66 secs
 
--> 


Total memory usage is 517968 kilobytes

Number of errors   :    0 (   0 filtered)
Number of warnings :    0 (   0 filtered)
Number of infos    :    0 (   0 filtered)

