Command line:
   RX_tb_isim_beh.exe
     -simmode  gui
     -simrunnum  0
     -socket  54123

Mon Oct  9 15:11:24 2017


 Elaboration Time: 0.02 sec

 Current Memory Usage: 196.338 Meg

 Total Signals          : 20
 Total Nets             : 45
 Total Signal Drivers   : 14
 Total Blocks           : 4
 Total Primitive Blocks : 3
 Total Processes        : 6
 Total Traceable Variables  : 16
 Total Scalar Nets and Variables : 531
Total Line Count : 93

 Total Simulation Time: 0.02 sec

 Current Memory Usage: 271.839 Meg

Mon Oct  9 15:12:38 2017

