Running: /opt/Xilinx/14.7/ISE_DS/ISE/bin/lin64/unwrapped/fuse -intstyle ise -incremental -o /home/user/Documents/studies_SRT/SRT5/SY23/Projet/RX_232/RX_tb_isim_beh.exe -prj /home/user/Documents/studies_SRT/SRT5/SY23/Projet/RX_232/RX_tb_beh.prj work.RX_tb 
ISim P.20131013 (signature 0xfbc00daa)
Number of CPUs detected in this system: 4
Turning on mult-threading, number of parallel sub-compilation jobs: 8 
Determining compilation order of HDL files
Parsing VHDL file "/home/user/Documents/studies_SRT/SRT5/SY23/Projet/RX_232/RX_232.vhd" into library work
Parsing VHDL file "/home/user/Documents/studies_SRT/SRT5/SY23/Projet/RX_232/RX_tb.vhd" into library work
Starting static elaboration
Completed static elaboration
Fuse Memory Usage: 96776 KB
Fuse CPU Usage: 1010 ms
Compiling package standard
Compiling package std_logic_1164
Compiling package numeric_std
Compiling architecture behavioral of entity RX_232 [rx_232_default]
Compiling architecture behavior of entity rx_tb
Time Resolution for simulation is 1ps.
Waiting for 1 sub-compilation(s) to finish...
Compiled 6 VHDL Units
Built simulation executable /home/user/Documents/studies_SRT/SRT5/SY23/Projet/RX_232/RX_tb_isim_beh.exe
Fuse Memory Usage: 668368 KB
Fuse CPU Usage: 1080 ms
GCC CPU Usage: 240 ms
