Release 14.7 - xst P.20131013 (lin64)
Copyright (c) 1995-2013 Xilinx, Inc.  All rights reserved.
--> 
Parameter TMPDIR set to xst/projnav.tmp


Total REAL time to Xst completion: 0.00 secs
Total CPU time to Xst completion: 0.04 secs
 
--> 
Parameter xsthdpdir set to xst


Total REAL time to Xst completion: 0.00 secs
Total CPU time to Xst completion: 0.04 secs
 
--> 
Reading design: RX_232.prj

TABLE OF CONTENTS
  1) Synthesis Options Summary
  2) HDL Compilation
  3) Design Hierarchy Analysis
  4) HDL Analysis
  5) HDL Synthesis
     5.1) HDL Synthesis Report
  6) Advanced HDL Synthesis
     6.1) Advanced HDL Synthesis Report
  7) Low Level Synthesis
  8) Partition Report
  9) Final Report
	9.1) Device utilization summary
	9.2) Partition Resource Summary
	9.3) TIMING REPORT


=========================================================================
*                      Synthesis Options Summary                        *
=========================================================================
---- Source Parameters
Input File Name                    : "RX_232.prj"
Input Format                       : mixed
Ignore Synthesis Constraint File   : NO

---- Target Parameters
Output File Name                   : "RX_232"
Output Format                      : NGC
Target Device                      : xc3s500e-5-fg320

---- Source Options
Top Module Name                    : RX_232
Automatic FSM Extraction           : YES
FSM Encoding Algorithm             : Auto
Safe Implementation                : No
FSM Style                          : LUT
RAM Extraction                     : Yes
RAM Style                          : Auto
ROM Extraction                     : Yes
Mux Style                          : Auto
Decoder Extraction                 : YES
Priority Encoder Extraction        : Yes
Shift Register Extraction          : YES
Logical Shifter Extraction         : YES
XOR Collapsing                     : YES
ROM Style                          : Auto
Mux Extraction                     : Yes
Resource Sharing                   : YES
Asynchronous To Synchronous        : NO
Multiplier Style                   : Auto
Automatic Register Balancing       : No

---- Target Options
Add IO Buffers                     : YES
Global Maximum Fanout              : 100000
Add Generic Clock Buffer(BUFG)     : 24
Register Duplication               : YES
Slice Packing                      : YES
Optimize Instantiated Primitives   : NO
Use Clock Enable                   : Yes
Use Synchronous Set                : Yes
Use Synchronous Reset              : Yes
Pack IO Registers into IOBs        : Auto
Equivalent register Removal        : YES

---- General Options
Optimization Goal                  : Speed
Optimization Effort                : 1
Keep Hierarchy                     : No
Netlist Hierarchy                  : As_Optimized
RTL Output                         : Yes
Global Optimization                : AllClockNets
Read Cores                         : YES
Write Timing Constraints           : NO
Cross Clock Analysis               : NO
Hierarchy Separator                : /
Bus Delimiter                      : <>
Case Specifier                     : Maintain
Slice Utilization Ratio            : 100
BRAM Utilization Ratio             : 100
Verilog 2001                       : YES
Auto BRAM Packing                  : NO
Slice Utilization Ratio Delta      : 5

=========================================================================


=========================================================================
*                          HDL Compilation                              *
=========================================================================
Compiling vhdl file "/home/user/Documents/studies_SRT/SRT5/SY23/Projet/RX_232/RX_232.vhd" in Library work.
Entity <rx_232> compiled.
Entity <rx_232> (Architecture <behavioral>) compiled.

=========================================================================
*                     Design Hierarchy Analysis                         *
=========================================================================
Analyzing hierarchy for entity <RX_232> in library <work> (architecture <behavioral>).


=========================================================================
*                            HDL Analysis                               *
=========================================================================
Analyzing Entity <RX_232> in library <work> (Architecture <behavioral>).
Entity <RX_232> analyzed. Unit <RX_232> generated.


=========================================================================
*                           HDL Synthesis                               *
=========================================================================

Performing bidirectional port resolution...

Synthesizing Unit <RX_232>.
    Related source file is "/home/user/Documents/studies_SRT/SRT5/SY23/Projet/RX_232/RX_232.vhd".
    Found finite state machine <FSM_0> for signal <reg_etat>.
    -----------------------------------------------------------------------
    | States             | 4                                              |
    | Transitions        | 12                                             |
    | Inputs             | 5                                              |
    | Outputs            | 4                                              |
    | Clock              | CLK                       (rising_edge)        |
    | Reset              | rst                       (positive)           |
    | Reset type         | synchronous                                    |
    | Reset State        | idle                                           |
    | Power Up State     | idle                                           |
    | Encoding           | automatic                                      |
    | Implementation     | LUT                                            |
    -----------------------------------------------------------------------
    Found 4-bit register for signal <reg_baudCounter>.
    Found 4-bit adder for signal <reg_baudCounter$share0000> created at line 34.
    Found 3-bit register for signal <reg_bitcpt>.
    Found 3-bit adder for signal <reg_bitcpt$addsub0000> created at line 63.
    Found 8-bit register for signal <rxdatas_reg>.
    Summary:
	inferred   1 Finite State Machine(s).
	inferred  15 D-type flip-flop(s).
	inferred   2 Adder/Subtractor(s).
Unit <RX_232> synthesized.

INFO:Xst:1767 - HDL ADVISOR - Resource sharing has identified that some arithmetic operations in this design can share the same physical resources for reduced device utilization. For improved clock frequency you may try to disable resource sharing.

=========================================================================
HDL Synthesis Report

Macro Statistics
# Adders/Subtractors                                   : 2
 3-bit adder                                           : 1
 4-bit adder                                           : 1
# Registers                                            : 3
 3-bit register                                        : 1
 4-bit register                                        : 1
 8-bit register                                        : 1

=========================================================================

=========================================================================
*                       Advanced HDL Synthesis                          *
=========================================================================

Analyzing FSM <FSM_0> for best encoding.
Optimizing FSM <reg_etat/FSM> on signal <reg_etat[1:2]> with gray encoding.
----------------------
 State    | Encoding
----------------------
 idle     | 00
 bitstart | 01
 bitsdata | 11
 bitstop  | 10
----------------------

=========================================================================
Advanced HDL Synthesis Report

Macro Statistics
# FSMs                                                 : 1
# Adders/Subtractors                                   : 2
 3-bit adder                                           : 1
 4-bit adder                                           : 1
# Registers                                            : 15
 Flip-Flops                                            : 15

=========================================================================

=========================================================================
*                         Low Level Synthesis                           *
=========================================================================

Optimizing unit <RX_232> ...

Mapping all equations...
Building and optimizing final netlist ...
Found area constraint ratio of 100 (+ 5) on block RX_232, actual ratio is 0.

Final Macro Processing ...

=========================================================================
Final Register Report

Macro Statistics
# Registers                                            : 17
 Flip-Flops                                            : 17

=========================================================================

=========================================================================
*                           Partition Report                            *
=========================================================================

Partition Implementation Status
-------------------------------

  No Partitions were found in this design.

-------------------------------

=========================================================================
*                            Final Report                               *
=========================================================================
Final Results
RTL Top Level Output File Name     : RX_232.ngr
Top Level Output File Name         : RX_232
Output Format                      : NGC
Optimization Goal                  : Speed
Keep Hierarchy                     : No

Design Statistics
# IOs                              : 13

Cell Usage :
# BELS                             : 54
#      LUT2                        : 3
#      LUT2_L                      : 2
#      LUT3                        : 4
#      LUT3_D                      : 1
#      LUT3_L                      : 4
#      LUT4                        : 30
#      LUT4_D                      : 2
#      LUT4_L                      : 5
#      MUXF5                       : 3
# FlipFlops/Latches                : 17
#      FDR                         : 13
#      FDRS                        : 4
# Clock Buffers                    : 1
#      BUFGP                       : 1
# IO Buffers                       : 12
#      IBUF                        : 3
#      OBUF                        : 9
=========================================================================

Device utilization summary:
---------------------------

Selected Device : 3s500efg320-5 

 Number of Slices:                       27  out of   4656     0%  
 Number of Slice Flip Flops:             17  out of   9312     0%  
 Number of 4 input LUTs:                 51  out of   9312     0%  
 Number of IOs:                          13
 Number of bonded IOBs:                  13  out of    232     5%  
 Number of GCLKs:                         1  out of     24     4%  

---------------------------
Partition Resource Summary:
---------------------------

  No Partitions were found in this design.

---------------------------


=========================================================================
TIMING REPORT

NOTE: THESE TIMING NUMBERS ARE ONLY A SYNTHESIS ESTIMATE.
      FOR ACCURATE TIMING INFORMATION PLEASE REFER TO THE TRACE REPORT
      GENERATED AFTER PLACE-and-ROUTE.

Clock Information:
------------------
-----------------------------------+------------------------+-------+
Clock Signal                       | Clock buffer(FF name)  | Load  |
-----------------------------------+------------------------+-------+
CLK                                | BUFGP                  | 17    |
-----------------------------------+------------------------+-------+

Asynchronous Control Signals Information:
----------------------------------------
No asynchronous control signals found in this design

Timing Summary:
---------------
Speed Grade: -5

   Minimum period: 4.733ns (Maximum Frequency: 211.267MHz)
   Minimum input arrival time before clock: 4.840ns
   Maximum output required time after clock: 5.868ns
   Maximum combinational path delay: No path found

Timing Detail:
--------------
All values displayed in nanoseconds (ns)

=========================================================================
Timing constraint: Default period analysis for Clock 'CLK'
  Clock period: 4.733ns (frequency: 211.267MHz)
  Total number of paths / destination ports: 256 / 21
-------------------------------------------------------------------------
Delay:               4.733ns (Levels of Logic = 3)
  Source:            reg_baudCounter_2 (FF)
  Destination:       rxdatas_reg_1 (FF)
  Source Clock:      CLK rising
  Destination Clock: CLK rising

  Data Path: reg_baudCounter_2 to rxdatas_reg_1
                                Gate     Net
    Cell:in->out      fanout   Delay   Delay  Logical Name (Net Name)
    ----------------------------------------  ------------
     FDRS:C->Q             8   0.514   0.795  reg_baudCounter_2 (reg_baudCounter_2)
     LUT4:I0->O            8   0.612   0.646  reg_etat_cmp_eq00011 (reg_etat_cmp_eq0001)
     LUT4_D:I3->O          8   0.612   0.673  N81 (N8)
     LUT4:I2->O            1   0.612   0.000  rxdatas_reg_mux0001<6>1 (rxdatas_reg_mux0001<6>)
     FDR:D                     0.268          rxdatas_reg_1
    ----------------------------------------
    Total                      4.733ns (2.618ns logic, 2.115ns route)
                                       (55.3% logic, 44.7% route)

=========================================================================
Timing constraint: Default OFFSET IN BEFORE for Clock 'CLK'
  Total number of paths / destination ports: 67 / 38
-------------------------------------------------------------------------
Offset:              4.840ns (Levels of Logic = 4)
  Source:            CLK_DIV (PAD)
  Destination:       reg_bitcpt_0 (FF)
  Destination Clock: CLK rising

  Data Path: CLK_DIV to reg_bitcpt_0
                                Gate     Net
    Cell:in->out      fanout   Delay   Delay  Logical Name (Net Name)
    ----------------------------------------  ------------
     IBUF:I->O            17   1.106   1.045  CLK_DIV_IBUF (CLK_DIV_IBUF)
     LUT4_L:I0->LO         1   0.612   0.103  reg_bitcpt_mux0001<0>1_SW0 (N3)
     LUT4:I3->O            3   0.612   0.481  reg_bitcpt_mux0001<0>1 (N11)
     LUT4:I2->O            1   0.612   0.000  reg_bitcpt_mux0001<0> (reg_bitcpt_mux0001<0>)
     FDR:D                     0.268          reg_bitcpt_0
    ----------------------------------------
    Total                      4.840ns (3.210ns logic, 1.630ns route)
                                       (66.3% logic, 33.7% route)

=========================================================================
Timing constraint: Default OFFSET OUT AFTER for Clock 'CLK'
  Total number of paths / destination ports: 10 / 9
-------------------------------------------------------------------------
Offset:              5.868ns (Levels of Logic = 2)
  Source:            reg_etat_FSM_FFd1 (FF)
  Destination:       RX_DONE (PAD)
  Source Clock:      CLK rising

  Data Path: reg_etat_FSM_FFd1 to RX_DONE
                                Gate     Net
    Cell:in->out      fanout   Delay   Delay  Logical Name (Net Name)
    ----------------------------------------  ------------
     FDRS:C->Q            24   0.514   1.216  reg_etat_FSM_FFd1 (reg_etat_FSM_FFd1)
     LUT2:I0->O            1   0.612   0.357  reg_etat_FSM_Out31 (RX_DONE_OBUF)
     OBUF:I->O                 3.169          RX_DONE_OBUF (RX_DONE)
    ----------------------------------------
    Total                      5.868ns (4.295ns logic, 1.573ns route)
                                       (73.2% logic, 26.8% route)

=========================================================================


Total REAL time to Xst completion: 4.00 secs
Total CPU time to Xst completion: 3.75 secs
 
--> 


Total memory usage is 517936 kilobytes

Number of errors   :    0 (   0 filtered)
Number of warnings :    0 (   0 filtered)
Number of infos    :    1 (   0 filtered)

